<?xml version="1.0" encoding="UTF-8"?>
<!-- Generated by org.testng.reporters.JUnitXMLReporter -->
<testsuite hostname="DIN80012144" failures="0" tests="1" name="Get" time="0.119" errors="0" timestamp="16 Sep 2020 15:07:57 GMT">
  <testcase classname="com.api.Runner.GetRunnerClass" name="@BeforeClass setUpCucumber" time="0.0">
    <failure type="cucumber.runtime.CucumberException" message="No backends were found. Please make sure you have a backend module on your CLASSPATH.">
      <![CDATA[cucumber.runtime.CucumberException: No backends were found. Please make sure you have a backend module on your CLASSPATH.
	at cucumber.runtime.Runtime.<init>(Runtime.java:81)
	at cucumber.runtime.Runtime.<init>(Runtime.java:70)
	at cucumber.runtime.Runtime.<init>(Runtime.java:66)
	at cucumber.api.testng.TestNGCucumberRunner.<init>(TestNGCucumberRunner.java:42)
	at com.api.Runner.GetRunnerClass.setUpCucumber(GetRunnerClass.java:21)
... Removed 24 stack frames]]>
    </failure>
  </testcase> <!-- @BeforeClass setUpCucumber -->
  <testcase classname="com.api.Runner.GetRunnerClass" name="@AfterClass tearDownClass" time="0.0">
    <failure type="java.lang.NullPointerException">
      <![CDATA[java.lang.NullPointerException
	at com.api.Runner.GetRunnerClass.tearDownClass(GetRunnerClass.java:35)
... Removed 24 stack frames]]>
    </failure>
  </testcase> <!-- @AfterClass tearDownClass -->
  <testcase classname="com.api.Runner.GetRunnerClass" name="feature" time="0.007">
    <skipped/>
  </testcase> <!-- feature -->
</testsuite> <!-- Get -->
